<?xml version="1.0" encoding="UTF-8"?>
<testsuite name="taller.AppSuite" tests="1" skipped="0" failures="0" errors="0" timestamp="2024-09-14T05:13:25" hostname="TRIVIPC" time="0.023">
  <properties/>
  <testcase name="App has a greeting" classname="taller.AppSuite" time="0.023"/>
  <system-out><![CDATA[]]></system-out>
  <system-err><![CDATA[]]></system-err>
</testsuite>
